{"name": "test_Adding_Datapoint_Attributes[chrome]", "status": "broken", "statusDetails": {"message": "selenium.common.exceptions.TimeoutException: Message: \nStacktrace:\n0   chromedriver                        0x00000001012526b8 chromedriver + 4937400\n1   chromedriver                        0x0000000101249b73 chromedriver + 4901747\n2   chromedriver                        0x0000000100e07616 chromedriver + 435734\n3   chromedriver                        0x0000000100e4ae0f chromedriver + 712207\n4   chromedriver                        0x0000000100e4b0a1 chromedriver + 712865\n5   chromedriver                        0x0000000100e8c9a4 chromedriver + 981412\n6   chromedriver                        0x0000000100e6f03d chromedriver + 860221\n7   chromedriver                        0x0000000100e89e76 chromedriver + 970358\n8   chromedriver                        0x0000000100e6ede3 chromedriver + 859619\n9   chromedriver                        0x0000000100e3cd7f chromedriver + 654719\n10  chromedriver                        0x0000000100e3e0de chromedriver + 659678\n11  chromedriver                        0x000000010120e2ad chromedriver + 4657837\n12  chromedriver                        0x0000000101213130 chromedriver + 4677936\n13  chromedriver                        0x0000000101219def chromedriver + 4705775\n14  chromedriver                        0x000000010121405a chromedriver + 4681818\n15  chromedriver                        0x00000001011e692c chromedriver + 4495660\n16  chromedriver                        0x0000000101231838 chromedriver + 4802616\n17  chromedriver                        0x00000001012319b7 chromedriver + 4802999\n18  chromedriver                        0x000000010124299f chromedriver + 4872607\n19  libsystem_pthread.dylib             0x00007ff8074131d3 _pthread_start + 125\n20  libsystem_pthread.dylib             0x00007ff80740ebd3 thread_start + 15", "trace": "self = <Testcases.test_settingspage.Test_Settings_page object at 0x105f280d0>\n\n    @allure.description(\"Adding Datapoint Attributes\")\n    @allure.severity(allure.severity_level.CRITICAL)\n    def test_Adding_Datapoint_Attributes(self):\n        self.loginpage = Loginpage(self.driver)\n        sleep(2)\n        self.driver.execute_script(\"window.localStorage.clear();\")\n        self.driver.maximize_window()\n>       self.loginpage.do_click(Loginpage.LOGIN_AS_ADMIN_BUTTON)\n\ntest_settingspage.py:713: \n_ _ _ _ _ _ _ _ _ _ _ _ _ _ _ _ _ _ _ _ _ _ _ _ _ _ _ _ _ _ _ _ _ _ _ _ _ _ _ _ _ _ _ _ _ _ _ _ _ _ _ _ _ _ _ _ _ _ _ _ _ _ _ _ _ _ _ _ _ _ _ _ _ _ _ _ _ _ _ _ _ _ _ _ _ _ _ _ _ _ _ _ _ _ _ _ _ _ _ _ _ _ _ _ _ _ \n../Pageobjects/Basepage.py:20: in do_click\n    element = wait.until(EC.visibility_of_element_located(by_locator))\n_ _ _ _ _ _ _ _ _ _ _ _ _ _ _ _ _ _ _ _ _ _ _ _ _ _ _ _ _ _ _ _ _ _ _ _ _ _ _ _ _ _ _ _ _ _ _ _ _ _ _ _ _ _ _ _ _ _ _ _ _ _ _ _ _ _ _ _ _ _ _ _ _ _ _ _ _ _ _ _ _ _ _ _ _ _ _ _ _ _ _ _ _ _ _ _ _ _ _ _ _ _ _ _ _ _ \n\nself = <selenium.webdriver.support.wait.WebDriverWait (session=\"5eb2ba6b502d3ea459ca866e1ba52ce9\")>, method = <function visibility_of_element_located.<locals>._predicate at 0x1061e6c20>, message = ''\n\n    def until(self, method, message: str = \"\"):\n        \"\"\"Calls the method provided with the driver as an argument until the \\\n        return value does not evaluate to ``False``.\n    \n        :param method: callable(WebDriver)\n        :param message: optional message for :exc:`TimeoutException`\n        :returns: the result of the last call to `method`\n        :raises: :exc:`selenium.common.exceptions.TimeoutException` if timeout occurs\n        \"\"\"\n        screen = None\n        stacktrace = None\n    \n        end_time = time.monotonic() + self._timeout\n        while True:\n            try:\n                value = method(self._driver)\n                if value:\n                    return value\n            except self._ignored_exceptions as exc:\n                screen = getattr(exc, \"screen\", None)\n                stacktrace = getattr(exc, \"stacktrace\", None)\n            time.sleep(self._poll)\n            if time.monotonic() > end_time:\n                break\n>       raise TimeoutException(message, screen, stacktrace)\nE       selenium.common.exceptions.TimeoutException: Message: \nE       Stacktrace:\nE       0   chromedriver                        0x00000001012526b8 chromedriver + 4937400\nE       1   chromedriver                        0x0000000101249b73 chromedriver + 4901747\nE       2   chromedriver                        0x0000000100e07616 chromedriver + 435734\nE       3   chromedriver                        0x0000000100e4ae0f chromedriver + 712207\nE       4   chromedriver                        0x0000000100e4b0a1 chromedriver + 712865\nE       5   chromedriver                        0x0000000100e8c9a4 chromedriver + 981412\nE       6   chromedriver                        0x0000000100e6f03d chromedriver + 860221\nE       7   chromedriver                        0x0000000100e89e76 chromedriver + 970358\nE       8   chromedriver                        0x0000000100e6ede3 chromedriver + 859619\nE       9   chromedriver                        0x0000000100e3cd7f chromedriver + 654719\nE       10  chromedriver                        0x0000000100e3e0de chromedriver + 659678\nE       11  chromedriver                        0x000000010120e2ad chromedriver + 4657837\nE       12  chromedriver                        0x0000000101213130 chromedriver + 4677936\nE       13  chromedriver                        0x0000000101219def chromedriver + 4705775\nE       14  chromedriver                        0x000000010121405a chromedriver + 4681818\nE       15  chromedriver                        0x00000001011e692c chromedriver + 4495660\nE       16  chromedriver                        0x0000000101231838 chromedriver + 4802616\nE       17  chromedriver                        0x00000001012319b7 chromedriver + 4802999\nE       18  chromedriver                        0x000000010124299f chromedriver + 4872607\nE       19  libsystem_pthread.dylib             0x00007ff8074131d3 _pthread_start + 125\nE       20  libsystem_pthread.dylib             0x00007ff80740ebd3 thread_start + 15\n\n../../../../IdeaProjects/Farmstack 2.0/venv/lib/python3.10/site-packages/selenium/webdriver/support/wait.py:95: TimeoutException"}, "description": "Adding Datapoint Attributes", "parameters": [{"name": "init_driver", "value": "'chrome'"}], "start": 1691057927916, "stop": 1691057965646, "uuid": "0db4d8c9-4412-4931-bee0-c6c496223a4c", "historyId": "753a3938049692878ec918014aad81f7", "testCaseId": "868fc0a1744ae8f5668f22bd988fc812", "fullName": "test_settingspage.Test_Settings_page#test_Adding_Datapoint_Attributes", "labels": [{"name": "severity", "value": "critical"}, {"name": "tag", "value": "@pytest.mark.usefixtures('init_driver')"}, {"name": "suite", "value": "test_settingspage"}, {"name": "subSuite", "value": "Test_Settings_page"}, {"name": "host", "value": "Shaiks-MacBook-Pro.local"}, {"name": "thread", "value": "12999-MainThread"}, {"name": "framework", "value": "pytest"}, {"name": "language", "value": "cpython3"}, {"name": "package", "value": "test_settingspage"}]}