{"name": "test_New_Participant_Request_List_View[chrome]", "status": "broken", "statusDetails": {"message": "selenium.common.exceptions.TimeoutException: Message: \nStacktrace:\n0   chromedriver                        0x0000000100db6a6c chromedriver + 4303468\n1   chromedriver                        0x0000000100daf198 chromedriver + 4272536\n2   chromedriver                        0x00000001009e3594 chromedriver + 292244\n3   chromedriver                        0x0000000100a208fc chromedriver + 542972\n4   chromedriver                        0x0000000100a59628 chromedriver + 775720\n5   chromedriver                        0x0000000100a14b40 chromedriver + 494400\n6   chromedriver                        0x0000000100a15988 chromedriver + 498056\n7   chromedriver                        0x0000000100d77924 chromedriver + 4045092\n8   chromedriver                        0x0000000100d7be68 chromedriver + 4062824\n9   chromedriver                        0x0000000100d82088 chromedriver + 4087944\n10  chromedriver                        0x0000000100d7c96c chromedriver + 4065644\n11  chromedriver                        0x0000000100d54e64 chromedriver + 3903076\n12  chromedriver                        0x0000000100d9855c chromedriver + 4179292\n13  chromedriver                        0x0000000100d986b4 chromedriver + 4179636\n14  chromedriver                        0x0000000100da8978 chromedriver + 4245880\n15  libsystem_pthread.dylib             0x00000001952f7fa8 _pthread_start + 148\n16  libsystem_pthread.dylib             0x00000001952f2da0 thread_start + 8", "trace": "self = <Testcases.test_addparticipantpage.Test_add_participant object at 0x106e04cd0>\n\n    @allure.description(\"Testing New participant request list view is visible\")\n    @allure.severity(allure.severity_level.CRITICAL)\n    def test_New_Participant_Request_List_View(self):\n        self.loginpage = Loginpage(self.driver)\n        sleep(3)\n        self.driver.execute_script(\"window.localStorage.clear();\")\n        sleep(3)\n        self.driver.execute_script(\"window.location.reload(true);\")\n        sleep(2)\n        self.driver.maximize_window()\n        self.loginpage.do_click(Loginpage.LOGIN_AS_ADMIN_BUTTON)\n        sleep(2)\n        self.loginpage.do_click(Loginpage.USERNAME_FIELD)\n        self.loginpage.do_sendkeys(Loginpage.USERNAME_FIELD, Testdata.USER_NAME)\n        self.loginpage.do_click(Loginpage.SEND_OTP_BUTTON)\n        sleep(2)\n        self.loginpage.do_click(Loginpage.ENTER_OTP)\n        self.loginpage.do_sendkeys(Loginpage.ENTER_OTP, Testdata.OTP)\n        self.loginpage.do_click(Loginpage.VERIFY_OTP_BUTTON)\n        sleep(2)\n        self.participant_page = Participant_page(self.driver)\n        self.driver.maximize_window()\n        self.participant_page.do_click(Participant_page.PARTICIPANTS_BUTTON)\n        sleep(2)\n        self.participant_page.do_click(Participant_page.NEW_PARTICIPANT_REQUEST)\n        sleep(3)\n>       self.participant_page.do_click(Participant_page.NEW_PARTICIPANT_REQUEST_LIST_VIEW_BUTTON)\n\ntest_addparticipantpage.py:746: \n_ _ _ _ _ _ _ _ _ _ _ _ _ _ _ _ _ _ _ _ _ _ _ _ _ _ _ _ _ _ _ _ _ _ _ _ _ _ _ _ \n../Pageobjects/Basepage.py:26: in do_click\n    element = wait.until(EC.visibility_of_element_located(by_locator))\n_ _ _ _ _ _ _ _ _ _ _ _ _ _ _ _ _ _ _ _ _ _ _ _ _ _ _ _ _ _ _ _ _ _ _ _ _ _ _ _ \n\nself = <selenium.webdriver.support.wait.WebDriverWait (session=\"f06c7f2f297ef5043adb077feab53177\")>\nmethod = <function visibility_of_element_located.<locals>._predicate at 0x106f93e20>\nmessage = ''\n\n    def until(self, method, message: str = \"\"):\n        \"\"\"Calls the method provided with the driver as an argument until the \\\n        return value does not evaluate to ``False``.\n    \n        :param method: callable(WebDriver)\n        :param message: optional message for :exc:`TimeoutException`\n        :returns: the result of the last call to `method`\n        :raises: :exc:`selenium.common.exceptions.TimeoutException` if timeout occurs\n        \"\"\"\n        screen = None\n        stacktrace = None\n    \n        end_time = time.monotonic() + self._timeout\n        while True:\n            try:\n                value = method(self._driver)\n                if value:\n                    return value\n            except self._ignored_exceptions as exc:\n                screen = getattr(exc, \"screen\", None)\n                stacktrace = getattr(exc, \"stacktrace\", None)\n            time.sleep(self._poll)\n            if time.monotonic() > end_time:\n                break\n>       raise TimeoutException(message, screen, stacktrace)\nE       selenium.common.exceptions.TimeoutException: Message: \nE       Stacktrace:\nE       0   chromedriver                        0x0000000100db6a6c chromedriver + 4303468\nE       1   chromedriver                        0x0000000100daf198 chromedriver + 4272536\nE       2   chromedriver                        0x00000001009e3594 chromedriver + 292244\nE       3   chromedriver                        0x0000000100a208fc chromedriver + 542972\nE       4   chromedriver                        0x0000000100a59628 chromedriver + 775720\nE       5   chromedriver                        0x0000000100a14b40 chromedriver + 494400\nE       6   chromedriver                        0x0000000100a15988 chromedriver + 498056\nE       7   chromedriver                        0x0000000100d77924 chromedriver + 4045092\nE       8   chromedriver                        0x0000000100d7be68 chromedriver + 4062824\nE       9   chromedriver                        0x0000000100d82088 chromedriver + 4087944\nE       10  chromedriver                        0x0000000100d7c96c chromedriver + 4065644\nE       11  chromedriver                        0x0000000100d54e64 chromedriver + 3903076\nE       12  chromedriver                        0x0000000100d9855c chromedriver + 4179292\nE       13  chromedriver                        0x0000000100d986b4 chromedriver + 4179636\nE       14  chromedriver                        0x0000000100da8978 chromedriver + 4245880\nE       15  libsystem_pthread.dylib             0x00000001952f7fa8 _pthread_start + 148\nE       16  libsystem_pthread.dylib             0x00000001952f2da0 thread_start + 8\n\n../../../../IdeaProjects/Farmstack 2.0/venv/lib/python3.10/site-packages/selenium/webdriver/support/wait.py:95: TimeoutException"}, "description": "Testing New participant request list view is visible", "parameters": [{"name": "init_driver", "value": "'chrome'"}], "start": 1692004440783, "stop": 1692004474730, "uuid": "6c00cdbe-86ea-4550-9f68-788508397bdc", "historyId": "1bf6afb480356515b28fb1a2961e8e4b", "testCaseId": "6346f355ac67218314db2076e29f3ae6", "fullName": "test_addparticipantpage.Test_add_participant#test_New_Participant_Request_List_View", "labels": [{"name": "severity", "value": "critical"}, {"name": "tag", "value": "@pytest.mark.usefixtures('init_driver')"}, {"name": "tag", "value": "flaky(reruns=3)"}, {"name": "suite", "value": "test_addparticipantpage"}, {"name": "subSuite", "value": "Test_add_participant"}, {"name": "host", "value": "Shaiks-MacBook-Pro.local"}, {"name": "thread", "value": "68561-MainThread"}, {"name": "framework", "value": "pytest"}, {"name": "language", "value": "cpython3"}, {"name": "package", "value": "test_addparticipantpage"}]}