{"name": "test_update_account_settings_page[chrome]", "status": "broken", "statusDetails": {"message": "selenium.common.exceptions.ElementClickInterceptedException: Message: element click intercepted: Element <button class=\"MuiButtonBase-root MuiButton-root MuiButton-outlined MuiButton-outlinedPrimary MuiButton-sizeMedium MuiButton-outlinedSizeMedium Mui-disabled MuiButton-root MuiButton-outlined MuiButton-outlinedPrimary MuiButton-sizeMedium MuiButton-outlinedSizeMedium global_primary_button__33Zcr onboarding_next_button__26vY6 css-79xub\" tabindex=\"-1\" type=\"button\" id=\"submitbutton_account\" disabled=\"\">...</button> is not clickable at point (1548, 576). Other element would receive the click: <div class=\"col\" style=\"text-align: right; margin: 20px;\">...</div>\n  (Session info: headless chrome=115.0.5790.170)\nStacktrace:\n0   chromedriver                        0x0000000104942a6c chromedriver + 4303468\n1   chromedriver                        0x000000010493b198 chromedriver + 4272536\n2   chromedriver                        0x000000010456f594 chromedriver + 292244\n3   chromedriver                        0x00000001045b31d0 chromedriver + 569808\n4   chromedriver                        0x00000001045b13bc chromedriver + 562108\n5   chromedriver                        0x00000001045af0f8 chromedriver + 553208\n6   chromedriver                        0x00000001045ae1e4 chromedriver + 549348\n7   chromedriver                        0x00000001045a2958 chromedriver + 502104\n8   chromedriver                        0x00000001045a2220 chromedriver + 500256\n9   chromedriver                        0x00000001045e5628 chromedriver + 775720\n10  chromedriver                        0x00000001045a0b40 chromedriver + 494400\n11  chromedriver                        0x00000001045a1988 chromedriver + 498056\n12  chromedriver                        0x0000000104903924 chromedriver + 4045092\n13  chromedriver                        0x0000000104907e68 chromedriver + 4062824\n14  chromedriver                        0x000000010490e088 chromedriver + 4087944\n15  chromedriver                        0x000000010490896c chromedriver + 4065644\n16  chromedriver                        0x00000001048e0e64 chromedriver + 3903076\n17  chromedriver                        0x000000010492455c chromedriver + 4179292\n18  chromedriver                        0x00000001049246b4 chromedriver + 4179636\n19  chromedriver                        0x0000000104934978 chromedriver + 4245880\n20  libsystem_pthread.dylib             0x00000001952f7fa8 _pthread_start + 148\n21  libsystem_pthread.dylib             0x00000001952f2da0 thread_start + 8", "trace": "self = <Testcases.test_settingspage.Test_Settings_page object at 0x1042fba60>\n\n    @allure.description(\"Testing Account Settings Page\")\n    @allure.severity(allure.severity_level.CRITICAL)\n    def test_update_account_settings_page(self):\n        self.loginpage = Loginpage(self.driver)\n        sleep(3)\n        self.driver.execute_script(\"window.localStorage.clear();\")\n        sleep(3)\n        self.driver.execute_script(\"window.location.reload(true);\")\n        sleep(2)\n        self.driver.maximize_window()\n        self.loginpage.do_click(Loginpage.LOGIN_AS_ADMIN_BUTTON)\n        self.loginpage.do_click(Loginpage.USERNAME_FIELD)\n        self.loginpage.do_sendkeys(Loginpage.USERNAME_FIELD, Testdata.USER_NAME)\n        self.loginpage.do_click(Loginpage.SEND_OTP_BUTTON)\n        sleep(2)\n        self.loginpage.do_click(Loginpage.ENTER_OTP)\n        self.loginpage.do_sendkeys(Loginpage.ENTER_OTP, Testdata.OTP)\n        self.loginpage.do_click(Loginpage.VERIFY_OTP_BUTTON)\n        sleep(5)\n        self.settings_page = SettingsPage(self.driver)\n        self.settings_page.do_click(SettingsPage.SETTINGS_BUTTON)\n        self.settings_page.do_click(SettingsPage.FIRST_NAME_FIELD)\n        self.settings_page.do_select_all(SettingsPage.FIRST_NAME_FIELD)\n        self.settings_page.do_clear(SettingsPage.FIRST_NAME_FIELD)\n        sleep(2)\n        self.settings_page.do_sendkeys(SettingsPage.FIRST_NAME_FIELD, Testdata.ACCOUNT_FIRST_NAME)\n        self.settings_page.do_click(SettingsPage.LAST_NAME_FIELD)\n        self.settings_page.do_select_all(SettingsPage.LAST_NAME_FIELD)\n        self.settings_page.do_clear(SettingsPage.LAST_NAME_FIELD)\n        sleep(2)\n        self.settings_page.do_sendkeys(SettingsPage.LAST_NAME_FIELD, Testdata.ACCOUNT_LAST_NAME)\n        self.settings_page.do_click(SettingsPage.CONTACT_NUMBER_FIELD)\n        for i in range(10):\n            self.settings_page.do_clear(SettingsPage.CONTACT_NUMBER_FIELD)\n        sleep(2)\n        self.settings_page.do_sendkeys(SettingsPage.CONTACT_NUMBER_FIELD, Testdata.ACCOUNT_CONTACT_NUMBER)\n        sleep(1)\n>       self.settings_page.do_click(SettingsPage.SUBMIT_BUTTON)\n\ntest_settingspage.py:55: \n_ _ _ _ _ _ _ _ _ _ _ _ _ _ _ _ _ _ _ _ _ _ _ _ _ _ _ _ _ _ _ _ _ _ _ _ _ _ _ _ \n../Pageobjects/Basepage.py:28: in do_click\n    element.click()\n../../../../IdeaProjects/Farmstack 2.0/venv/lib/python3.10/site-packages/selenium/webdriver/remote/webelement.py:94: in click\n    self._execute(Command.CLICK_ELEMENT)\n../../../../IdeaProjects/Farmstack 2.0/venv/lib/python3.10/site-packages/selenium/webdriver/remote/webelement.py:395: in _execute\n    return self._parent.execute(command, params)\n../../../../IdeaProjects/Farmstack 2.0/venv/lib/python3.10/site-packages/selenium/webdriver/remote/webdriver.py:345: in execute\n    self.error_handler.check_response(response)\n_ _ _ _ _ _ _ _ _ _ _ _ _ _ _ _ _ _ _ _ _ _ _ _ _ _ _ _ _ _ _ _ _ _ _ _ _ _ _ _ \n\nself = <selenium.webdriver.remote.errorhandler.ErrorHandler object at 0x1044ba9b0>\nresponse = {'status': 400, 'value': '{\"value\":{\"error\":\"element click intercepted\",\"message\":\"element click intercepted: Element ...0001952f7fa8 _pthread_start + 148\\\\n21  libsystem_pthread.dylib             0x00000001952f2da0 thread_start + 8\\\\n\"}}'}\n\n    def check_response(self, response: Dict[str, Any]) -> None:\n        \"\"\"Checks that a JSON response from the WebDriver does not have an\n        error.\n    \n        :Args:\n         - response - The JSON response from the WebDriver server as a dictionary\n           object.\n    \n        :Raises: If the response contains an error message.\n        \"\"\"\n        status = response.get(\"status\", None)\n        if not status or status == ErrorCode.SUCCESS:\n            return\n        value = None\n        message = response.get(\"message\", \"\")\n        screen: str = response.get(\"screen\", \"\")\n        stacktrace = None\n        if isinstance(status, int):\n            value_json = response.get(\"value\", None)\n            if value_json and isinstance(value_json, str):\n                import json\n    \n                try:\n                    value = json.loads(value_json)\n                    if len(value) == 1:\n                        value = value[\"value\"]\n                    status = value.get(\"error\", None)\n                    if not status:\n                        status = value.get(\"status\", ErrorCode.UNKNOWN_ERROR)\n                        message = value.get(\"value\") or value.get(\"message\")\n                        if not isinstance(message, str):\n                            value = message\n                            message = message.get(\"message\")\n                    else:\n                        message = value.get(\"message\", None)\n                except ValueError:\n                    pass\n    \n        exception_class: Type[WebDriverException]\n        e = ErrorCode()\n        error_codes = [item for item in dir(e) if not item.startswith(\"__\")]\n        for error_code in error_codes:\n            error_info = getattr(ErrorCode, error_code)\n            if isinstance(error_info, list) and status in error_info:\n                exception_class = getattr(ExceptionMapping, error_code, WebDriverException)\n                break\n        else:\n            exception_class = WebDriverException\n    \n        if not value:\n            value = response[\"value\"]\n        if isinstance(value, str):\n            raise exception_class(value)\n        if message == \"\" and \"message\" in value:\n            message = value[\"message\"]\n    \n        screen = None  # type: ignore[assignment]\n        if \"screen\" in value:\n            screen = value[\"screen\"]\n    \n        stacktrace = None\n        st_value = value.get(\"stackTrace\") or value.get(\"stacktrace\")\n        if st_value:\n            if isinstance(st_value, str):\n                stacktrace = st_value.split(\"\\n\")\n            else:\n                stacktrace = []\n                try:\n                    for frame in st_value:\n                        line = frame.get(\"lineNumber\", \"\")\n                        file = frame.get(\"fileName\", \"<anonymous>\")\n                        if line:\n                            file = f\"{file}:{line}\"\n                        meth = frame.get(\"methodName\", \"<anonymous>\")\n                        if \"className\" in frame:\n                            meth = f\"{frame['className']}.{meth}\"\n                        msg = \"    at %s (%s)\"\n                        msg = msg % (meth, file)\n                        stacktrace.append(msg)\n                except TypeError:\n                    pass\n        if exception_class == UnexpectedAlertPresentException:\n            alert_text = None\n            if \"data\" in value:\n                alert_text = value[\"data\"].get(\"text\")\n            elif \"alert\" in value:\n                alert_text = value[\"alert\"].get(\"text\")\n            raise exception_class(message, screen, stacktrace, alert_text)  # type: ignore[call-arg]  # mypy is not smart enough here\n>       raise exception_class(message, screen, stacktrace)\nE       selenium.common.exceptions.ElementClickInterceptedException: Message: element click intercepted: Element <button class=\"MuiButtonBase-root MuiButton-root MuiButton-outlined MuiButton-outlinedPrimary MuiButton-sizeMedium MuiButton-outlinedSizeMedium Mui-disabled MuiButton-root MuiButton-outlined MuiButton-outlinedPrimary MuiButton-sizeMedium MuiButton-outlinedSizeMedium global_primary_button__33Zcr onboarding_next_button__26vY6 css-79xub\" tabindex=\"-1\" type=\"button\" id=\"submitbutton_account\" disabled=\"\">...</button> is not clickable at point (1548, 576). Other element would receive the click: <div class=\"col\" style=\"text-align: right; margin: 20px;\">...</div>\nE         (Session info: headless chrome=115.0.5790.170)\nE       Stacktrace:\nE       0   chromedriver                        0x0000000104942a6c chromedriver + 4303468\nE       1   chromedriver                        0x000000010493b198 chromedriver + 4272536\nE       2   chromedriver                        0x000000010456f594 chromedriver + 292244\nE       3   chromedriver                        0x00000001045b31d0 chromedriver + 569808\nE       4   chromedriver                        0x00000001045b13bc chromedriver + 562108\nE       5   chromedriver                        0x00000001045af0f8 chromedriver + 553208\nE       6   chromedriver                        0x00000001045ae1e4 chromedriver + 549348\nE       7   chromedriver                        0x00000001045a2958 chromedriver + 502104\nE       8   chromedriver                        0x00000001045a2220 chromedriver + 500256\nE       9   chromedriver                        0x00000001045e5628 chromedriver + 775720\nE       10  chromedriver                        0x00000001045a0b40 chromedriver + 494400\nE       11  chromedriver                        0x00000001045a1988 chromedriver + 498056\nE       12  chromedriver                        0x0000000104903924 chromedriver + 4045092\nE       13  chromedriver                        0x0000000104907e68 chromedriver + 4062824\nE       14  chromedriver                        0x000000010490e088 chromedriver + 4087944\nE       15  chromedriver                        0x000000010490896c chromedriver + 4065644\nE       16  chromedriver                        0x00000001048e0e64 chromedriver + 3903076\nE       17  chromedriver                        0x000000010492455c chromedriver + 4179292\nE       18  chromedriver                        0x00000001049246b4 chromedriver + 4179636\nE       19  chromedriver                        0x0000000104934978 chromedriver + 4245880\nE       20  libsystem_pthread.dylib             0x00000001952f7fa8 _pthread_start + 148\nE       21  libsystem_pthread.dylib             0x00000001952f2da0 thread_start + 8\n\n../../../../IdeaProjects/Farmstack 2.0/venv/lib/python3.10/site-packages/selenium/webdriver/remote/errorhandler.py:229: ElementClickInterceptedException"}, "description": "Testing Account Settings Page", "parameters": [{"name": "init_driver", "value": "'chrome'"}], "start": 1692000368459, "stop": 1692000401785, "uuid": "68810165-d0d5-450f-8d0b-e85733dcd277", "historyId": "805730532f1a701fc592ece3ce6963a5", "testCaseId": "148385e18a38357c903e4fa54194c6ed", "fullName": "test_settingspage.Test_Settings_page#test_update_account_settings_page", "labels": [{"name": "severity", "value": "critical"}, {"name": "tag", "value": "@pytest.mark.usefixtures('init_driver')"}, {"name": "suite", "value": "test_settingspage"}, {"name": "subSuite", "value": "Test_Settings_page"}, {"name": "host", "value": "Shaiks-MacBook-Pro.local"}, {"name": "thread", "value": "67190-MainThread"}, {"name": "framework", "value": "pytest"}, {"name": "language", "value": "cpython3"}, {"name": "package", "value": "test_settingspage"}]}