{"name": "test_Edit_Dataset_Button[chrome]", "status": "broken", "statusDetails": {"message": "selenium.common.exceptions.TimeoutException: Message: \nStacktrace:\n0   chromedriver                        0x000000010314a6b8 chromedriver + 4937400\n1   chromedriver                        0x0000000103141b73 chromedriver + 4901747\n2   chromedriver                        0x0000000102cff616 chromedriver + 435734\n3   chromedriver                        0x0000000102d42e0f chromedriver + 712207\n4   chromedriver                        0x0000000102d430a1 chromedriver + 712865\n5   chromedriver                        0x0000000102d849a4 chromedriver + 981412\n6   chromedriver                        0x0000000102d6703d chromedriver + 860221\n7   chromedriver                        0x0000000102d81e76 chromedriver + 970358\n8   chromedriver                        0x0000000102d66de3 chromedriver + 859619\n9   chromedriver                        0x0000000102d34d7f chromedriver + 654719\n10  chromedriver                        0x0000000102d360de chromedriver + 659678\n11  chromedriver                        0x00000001031062ad chromedriver + 4657837\n12  chromedriver                        0x000000010310b130 chromedriver + 4677936\n13  chromedriver                        0x0000000103111def chromedriver + 4705775\n14  chromedriver                        0x000000010310c05a chromedriver + 4681818\n15  chromedriver                        0x00000001030de92c chromedriver + 4495660\n16  chromedriver                        0x0000000103129838 chromedriver + 4802616\n17  chromedriver                        0x00000001031299b7 chromedriver + 4802999\n18  chromedriver                        0x000000010313a99f chromedriver + 4872607\n19  libsystem_pthread.dylib             0x00007ff8104171d3 _pthread_start + 125\n20  libsystem_pthread.dylib             0x00007ff810412bd3 thread_start + 15", "trace": "self = <Testcases.test_datasetpage.Test_datasetpage object at 0x101e51390>\n\n    @allure.description(\"Testing Edit Dataset button is visible\")\n    @allure.severity(allure.severity_level.CRITICAL)\n    def test_Edit_Dataset_Button(self):\n        self.loginpage = Loginpage(self.driver)\n        sleep(3)\n        self.driver.execute_script(\"window.localStorage.clear();\")\n        sleep(3)\n        self.driver.execute_script(\"window.location.reload(true);\")\n        sleep(2)\n        self.driver.maximize_window()\n        self.loginpage.do_click(Loginpage.LOGIN_AS_ADMIN_BUTTON)\n        sleep(2)\n        self.loginpage.do_click(Loginpage.USERNAME_FIELD)\n        self.loginpage.do_sendkeys(Loginpage.USERNAME_FIELD, Testdata.USER_NAME)\n        self.loginpage.do_click(Loginpage.SEND_OTP_BUTTON)\n        sleep(2)\n        self.loginpage.do_click(Loginpage.ENTER_OTP)\n        self.loginpage.do_sendkeys(Loginpage.ENTER_OTP, Testdata.OTP)\n        self.loginpage.do_click(Loginpage.VERIFY_OTP_BUTTON)\n        sleep(3)\n        self.datasets_page = Datasetspage(self.driver)\n        sleep(2)\n        self.loginpage.do_click(Datasetspage.DATASET_TAB)\n        sleep(2)\n        self.driver.execute_script(\"window.scrollBy(0,500);\")\n        sleep(2)\n        self.datasets_page.do_click(Datasetspage.FIRST_DATASET)\n        sleep(5)\n        self.datasets_page.do_click(Datasetspage.EDIT_DATASET)\n        sleep(3)\n        self.driver.execute_script(\"window.scrollBy(0,400);\")\n        sleep(2)\n        self.datasets_page.do_click(Datasetspage.NEXT_BUTTON)\n        sleep(5)\n        self.driver.execute_script(\"window.scrollBy(0,500);\")\n        sleep(5)\n        # self.datasets_page.do_click(Datasetspage.DELETE_BUTTON)\n        # sleep(3)\n        self.datasets_page.do_sendkeys_edit_dataset()\n        sleep(2)\n        self.datasets_page.do_click(Datasetspage.UPLOAD_FILE)\n        sleep(3)\n        self.driver.execute_script(\"window.scrollBy(0,300);\")\n        sleep(2)\n        self.datasets_page.do_click(Datasetspage.NEXT_BUTTON)\n        sleep(2)\n        self.datasets_page.do_click(Datasetspage.FILE_STANDARIZE_FIELD)\n        sleep(2)\n        self.datasets_page.do_click(Datasetspage.FILE_FOR_STANDARIZATION)\n        sleep(3)\n        self.driver.execute_script(\"window.scrollBy(0,400);\")\n        sleep(2)\n        self.datasets_page.do_click(Datasetspage.SELECT_DATAPOINT_ATTRIBUTE_STD)\n        # sleep(2)\n        self.datasets_page.do_click(Datasetspage.DATAPOINT_CATEGORY_2)\n        # sleep(2)\n        self.datasets_page.do_click(Datasetspage.CLEAR_DATAPOINT_ATTRIBUTE)\n        # sleep(2)\n        self.datasets_page.do_click(Datasetspage.SELECT_DATAPOINT_ATTRIBUTE_STD)\n        # sleep(2)\n        self.datasets_page.do_click(Datasetspage.DATAPOINT_CATEGORY_2)\n        # sleep(2)\n        self.datasets_page.do_click(Datasetspage.DATAPOINT_ATTRIBUTE_FIELD)\n        # sleep(2)\n>       self.datasets_page.do_click(Datasetspage.DATAPOINT_ATTRIBUTE)\n\ntest_datasetpage.py:773: \n_ _ _ _ _ _ _ _ _ _ _ _ _ _ _ _ _ _ _ _ _ _ _ _ _ _ _ _ _ _ _ _ _ _ _ _ _ _ _ _ _ _ _ _ _ _ _ _ _ _ _ _ _ _ _ _ _ _ _ _ _ _ _ _ _ _ _ _ _ _ _ _ _ _ _ _ _ _ _ _ _ _ _ _ _ \n../Pageobjects/Basepage.py:20: in do_click\n    element = wait.until(EC.visibility_of_element_located(by_locator))\n_ _ _ _ _ _ _ _ _ _ _ _ _ _ _ _ _ _ _ _ _ _ _ _ _ _ _ _ _ _ _ _ _ _ _ _ _ _ _ _ _ _ _ _ _ _ _ _ _ _ _ _ _ _ _ _ _ _ _ _ _ _ _ _ _ _ _ _ _ _ _ _ _ _ _ _ _ _ _ _ _ _ _ _ _ \n\nself = <selenium.webdriver.support.wait.WebDriverWait (session=\"e74fbb8c0146bcc5fb3a52024eab351c\")>\nmethod = <function visibility_of_element_located.<locals>._predicate at 0x101f94280>, message = ''\n\n    def until(self, method, message: str = \"\"):\n        \"\"\"Calls the method provided with the driver as an argument until the \\\n        return value does not evaluate to ``False``.\n    \n        :param method: callable(WebDriver)\n        :param message: optional message for :exc:`TimeoutException`\n        :returns: the result of the last call to `method`\n        :raises: :exc:`selenium.common.exceptions.TimeoutException` if timeout occurs\n        \"\"\"\n        screen = None\n        stacktrace = None\n    \n        end_time = time.monotonic() + self._timeout\n        while True:\n            try:\n                value = method(self._driver)\n                if value:\n                    return value\n            except self._ignored_exceptions as exc:\n                screen = getattr(exc, \"screen\", None)\n                stacktrace = getattr(exc, \"stacktrace\", None)\n            time.sleep(self._poll)\n            if time.monotonic() > end_time:\n                break\n>       raise TimeoutException(message, screen, stacktrace)\nE       selenium.common.exceptions.TimeoutException: Message: \nE       Stacktrace:\nE       0   chromedriver                        0x000000010314a6b8 chromedriver + 4937400\nE       1   chromedriver                        0x0000000103141b73 chromedriver + 4901747\nE       2   chromedriver                        0x0000000102cff616 chromedriver + 435734\nE       3   chromedriver                        0x0000000102d42e0f chromedriver + 712207\nE       4   chromedriver                        0x0000000102d430a1 chromedriver + 712865\nE       5   chromedriver                        0x0000000102d849a4 chromedriver + 981412\nE       6   chromedriver                        0x0000000102d6703d chromedriver + 860221\nE       7   chromedriver                        0x0000000102d81e76 chromedriver + 970358\nE       8   chromedriver                        0x0000000102d66de3 chromedriver + 859619\nE       9   chromedriver                        0x0000000102d34d7f chromedriver + 654719\nE       10  chromedriver                        0x0000000102d360de chromedriver + 659678\nE       11  chromedriver                        0x00000001031062ad chromedriver + 4657837\nE       12  chromedriver                        0x000000010310b130 chromedriver + 4677936\nE       13  chromedriver                        0x0000000103111def chromedriver + 4705775\nE       14  chromedriver                        0x000000010310c05a chromedriver + 4681818\nE       15  chromedriver                        0x00000001030de92c chromedriver + 4495660\nE       16  chromedriver                        0x0000000103129838 chromedriver + 4802616\nE       17  chromedriver                        0x00000001031299b7 chromedriver + 4802999\nE       18  chromedriver                        0x000000010313a99f chromedriver + 4872607\nE       19  libsystem_pthread.dylib             0x00007ff8104171d3 _pthread_start + 125\nE       20  libsystem_pthread.dylib             0x00007ff810412bd3 thread_start + 15\n\n/Library/Frameworks/Python.framework/Versions/3.10/lib/python3.10/site-packages/selenium/webdriver/support/wait.py:95: TimeoutException"}, "description": "Testing Edit Dataset button is visible", "parameters": [{"name": "init_driver", "value": "'chrome'"}], "start": 1691147282257, "stop": 1691147478852, "uuid": "2f5d9729-c064-4b8a-9122-0160afb41d45", "historyId": "4bfcc9cdd5d11449462bb7d7df435527", "testCaseId": "e61986b6127634e182d9e19d8bae4a15", "fullName": "test_datasetpage.Test_datasetpage#test_Edit_Dataset_Button", "labels": [{"name": "severity", "value": "critical"}, {"name": "tag", "value": "@pytest.mark.usefixtures('init_driver')"}, {"name": "suite", "value": "test_datasetpage"}, {"name": "subSuite", "value": "Test_datasetpage"}, {"name": "host", "value": "Shaiks-MacBook-Pro.local"}, {"name": "thread", "value": "23353-MainThread"}, {"name": "framework", "value": "pytest"}, {"name": "language", "value": "cpython3"}, {"name": "package", "value": "test_datasetpage"}]}