{"name": "test_Cancel_Participant_Invite[chrome]", "status": "broken", "statusDetails": {"message": "selenium.common.exceptions.TimeoutException: Message: \nStacktrace:\n0   chromedriver                        0x0000000100f126b8 chromedriver + 4937400\n1   chromedriver                        0x0000000100f09b73 chromedriver + 4901747\n2   chromedriver                        0x0000000100ac7616 chromedriver + 435734\n3   chromedriver                        0x0000000100b0ae0f chromedriver + 712207\n4   chromedriver                        0x0000000100b0b0a1 chromedriver + 712865\n5   chromedriver                        0x0000000100b4c9a4 chromedriver + 981412\n6   chromedriver                        0x0000000100b2f03d chromedriver + 860221\n7   chromedriver                        0x0000000100b49e76 chromedriver + 970358\n8   chromedriver                        0x0000000100b2ede3 chromedriver + 859619\n9   chromedriver                        0x0000000100afcd7f chromedriver + 654719\n10  chromedriver                        0x0000000100afe0de chromedriver + 659678\n11  chromedriver                        0x0000000100ece2ad chromedriver + 4657837\n12  chromedriver                        0x0000000100ed3130 chromedriver + 4677936\n13  chromedriver                        0x0000000100ed9def chromedriver + 4705775\n14  chromedriver                        0x0000000100ed405a chromedriver + 4681818\n15  chromedriver                        0x0000000100ea692c chromedriver + 4495660\n16  chromedriver                        0x0000000100ef1838 chromedriver + 4802616\n17  chromedriver                        0x0000000100ef19b7 chromedriver + 4802999\n18  chromedriver                        0x0000000100f0299f chromedriver + 4872607\n19  libsystem_pthread.dylib             0x00007ff8104171d3 _pthread_start + 125\n20  libsystem_pthread.dylib             0x00007ff810412bd3 thread_start + 15", "trace": "self = <Testcases.test_addparticipantpage.Test_add_participant object at 0x101e033d0>\n\n    @allure.description(\"Testing Cancel participant invitation\")\n    @allure.severity(allure.severity_level.CRITICAL)\n    def test_Cancel_Participant_Invite(self):\n        self.loginpage = Loginpage(self.driver)\n        sleep(3)\n        self.driver.execute_script(\"window.localStorage.clear();\")\n        sleep(3)\n        self.driver.execute_script(\"window.location.reload(true);\")\n        sleep(2)\n        self.driver.maximize_window()\n        self.loginpage.do_click(Loginpage.LOGIN_AS_ADMIN_BUTTON)\n        sleep(2)\n        self.loginpage.do_click(Loginpage.USERNAME_FIELD)\n        self.loginpage.do_sendkeys(Loginpage.USERNAME_FIELD, Testdata.USER_NAME)\n        self.loginpage.do_click(Loginpage.SEND_OTP_BUTTON)\n        sleep(2)\n        self.loginpage.do_click(Loginpage.ENTER_OTP)\n        self.loginpage.do_sendkeys(Loginpage.ENTER_OTP, Testdata.OTP)\n        self.loginpage.do_click(Loginpage.VERIFY_OTP_BUTTON)\n        sleep(2)\n        self.participant_page = Participant_page(self.driver)\n        self.driver.maximize_window()\n        self.participant_page.do_click(Participant_page.PARTICIPANTS_BUTTON)\n        sleep(2)\n        self.participant_page.do_click(Participant_page.PARTICIPANT_BUTTON)\n        sleep(3)\n        self.participant_page.do_click(Participant_page.INVITE_PARTICIPANT_BUTTON)\n        sleep(3)\n        self.participant_page.do_click(Participant_page.INVITE_PARTICIPANT_EMAIL_FIELD)\n        sleep(2)\n        self.participant_page.do_sendkeys(Participant_page.INVITE_PARTICIPANT_EMAIL_FIELD,\n                                          Testdata.INVITE_PARTICIPANT_EMAIL_ID)\n        sleep(2)\n        self.participant_page.do_enter(Participant_page.INVITE_PARTICIPANT_EMAIL_FIELD)\n        sleep(2)\n        self.participant_page.do_click(Participant_page.ADD_INVITE_NOTE)\n        self.participant_page.do_sendkeys(Participant_page.ADD_INVITE_NOTE, Testdata.ADD_INVITE_NOTE_TEXT)\n        sleep(3)\n        self.driver.execute_script(\"window.scrollBy(0,300);\")\n        sleep(2)\n>       self.participant_page.do_click(Participant_page.INVITE_CANCEL_BUTTON)\n\ntest_addparticipantpage.py:803: \n_ _ _ _ _ _ _ _ _ _ _ _ _ _ _ _ _ _ _ _ _ _ _ _ _ _ _ _ _ _ _ _ _ _ _ _ _ _ _ _ _ _ _ _ _ _ _ _ _ _ _ _ _ _ _ _ _ _ _ _ _ _ _ _ _ _ _ _ _ _ _ _ _ _ _ _ _ _ _ _ _ _ _ _ _ \n../Pageobjects/Basepage.py:20: in do_click\n    element = wait.until(EC.visibility_of_element_located(by_locator))\n_ _ _ _ _ _ _ _ _ _ _ _ _ _ _ _ _ _ _ _ _ _ _ _ _ _ _ _ _ _ _ _ _ _ _ _ _ _ _ _ _ _ _ _ _ _ _ _ _ _ _ _ _ _ _ _ _ _ _ _ _ _ _ _ _ _ _ _ _ _ _ _ _ _ _ _ _ _ _ _ _ _ _ _ _ \n\nself = <selenium.webdriver.support.wait.WebDriverWait (session=\"2a62c2a4796554c49168c4ffedc48bc4\")>\nmethod = <function visibility_of_element_located.<locals>._predicate at 0x102a0c0d0>, message = ''\n\n    def until(self, method, message: str = \"\"):\n        \"\"\"Calls the method provided with the driver as an argument until the \\\n        return value does not evaluate to ``False``.\n    \n        :param method: callable(WebDriver)\n        :param message: optional message for :exc:`TimeoutException`\n        :returns: the result of the last call to `method`\n        :raises: :exc:`selenium.common.exceptions.TimeoutException` if timeout occurs\n        \"\"\"\n        screen = None\n        stacktrace = None\n    \n        end_time = time.monotonic() + self._timeout\n        while True:\n            try:\n                value = method(self._driver)\n                if value:\n                    return value\n            except self._ignored_exceptions as exc:\n                screen = getattr(exc, \"screen\", None)\n                stacktrace = getattr(exc, \"stacktrace\", None)\n            time.sleep(self._poll)\n            if time.monotonic() > end_time:\n                break\n>       raise TimeoutException(message, screen, stacktrace)\nE       selenium.common.exceptions.TimeoutException: Message: \nE       Stacktrace:\nE       0   chromedriver                        0x0000000100f126b8 chromedriver + 4937400\nE       1   chromedriver                        0x0000000100f09b73 chromedriver + 4901747\nE       2   chromedriver                        0x0000000100ac7616 chromedriver + 435734\nE       3   chromedriver                        0x0000000100b0ae0f chromedriver + 712207\nE       4   chromedriver                        0x0000000100b0b0a1 chromedriver + 712865\nE       5   chromedriver                        0x0000000100b4c9a4 chromedriver + 981412\nE       6   chromedriver                        0x0000000100b2f03d chromedriver + 860221\nE       7   chromedriver                        0x0000000100b49e76 chromedriver + 970358\nE       8   chromedriver                        0x0000000100b2ede3 chromedriver + 859619\nE       9   chromedriver                        0x0000000100afcd7f chromedriver + 654719\nE       10  chromedriver                        0x0000000100afe0de chromedriver + 659678\nE       11  chromedriver                        0x0000000100ece2ad chromedriver + 4657837\nE       12  chromedriver                        0x0000000100ed3130 chromedriver + 4677936\nE       13  chromedriver                        0x0000000100ed9def chromedriver + 4705775\nE       14  chromedriver                        0x0000000100ed405a chromedriver + 4681818\nE       15  chromedriver                        0x0000000100ea692c chromedriver + 4495660\nE       16  chromedriver                        0x0000000100ef1838 chromedriver + 4802616\nE       17  chromedriver                        0x0000000100ef19b7 chromedriver + 4802999\nE       18  chromedriver                        0x0000000100f0299f chromedriver + 4872607\nE       19  libsystem_pthread.dylib             0x00007ff8104171d3 _pthread_start + 125\nE       20  libsystem_pthread.dylib             0x00007ff810412bd3 thread_start + 15\n\n/Library/Frameworks/Python.framework/Versions/3.10/lib/python3.10/site-packages/selenium/webdriver/support/wait.py:95: TimeoutException"}, "description": "Testing Cancel participant invitation", "parameters": [{"name": "init_driver", "value": "'chrome'"}], "start": 1691146008626, "stop": 1691146097668, "uuid": "83abc639-479a-4a08-9efe-c2431fe48aeb", "historyId": "43229a28328dd25629f7780c1f7948b8", "testCaseId": "208a5974f884eaf65b08da6a585a2254", "fullName": "test_addparticipantpage.Test_add_participant#test_Cancel_Participant_Invite", "labels": [{"name": "severity", "value": "critical"}, {"name": "tag", "value": "@pytest.mark.usefixtures('init_driver')"}, {"name": "suite", "value": "test_addparticipantpage"}, {"name": "subSuite", "value": "Test_add_participant"}, {"name": "host", "value": "Shaiks-MacBook-Pro.local"}, {"name": "thread", "value": "23353-MainThread"}, {"name": "framework", "value": "pytest"}, {"name": "language", "value": "cpython3"}, {"name": "package", "value": "test_addparticipantpage"}]}