{"uid":"8fb97501e2d36610","name":"test_Back_Button_in_New_Participant_Request[chrome]","fullName":"test_addparticipantpage.Test_add_participant#test_Back_Button_in_New_Participant_Request","historyId":"195603e240c3ff078cd4b2cedc274fdd","time":{"start":1691998773795,"stop":1691998806896,"duration":33101},"description":"Testing Back button in New participant request","descriptionHtml":"<p>Testing Back button in New participant request</p>\n","status":"broken","statusMessage":"selenium.common.exceptions.TimeoutException: Message: \nStacktrace:\n0   chromedriver                        0x000000010485ea6c chromedriver + 4303468\n1   chromedriver                        0x0000000104857198 chromedriver + 4272536\n2   chromedriver                        0x000000010448b594 chromedriver + 292244\n3   chromedriver                        0x00000001044c88fc chromedriver + 542972\n4   chromedriver                        0x0000000104501628 chromedriver + 775720\n5   chromedriver                        0x00000001044bcb40 chromedriver + 494400\n6   chromedriver                        0x00000001044bd988 chromedriver + 498056\n7   chromedriver                        0x000000010481f924 chromedriver + 4045092\n8   chromedriver                        0x0000000104823e68 chromedriver + 4062824\n9   chromedriver                        0x000000010482a088 chromedriver + 4087944\n10  chromedriver                        0x000000010482496c chromedriver + 4065644\n11  chromedriver                        0x00000001047fce64 chromedriver + 3903076\n12  chromedriver                        0x000000010484055c chromedriver + 4179292\n13  chromedriver                        0x00000001048406b4 chromedriver + 4179636\n14  chromedriver                        0x0000000104850978 chromedriver + 4245880\n15  libsystem_pthread.dylib             0x00000001952f7fa8 _pthread_start + 148\n16  libsystem_pthread.dylib             0x00000001952f2da0 thread_start + 8","statusTrace":"self = <Testcases.test_addparticipantpage.Test_add_participant object at 0x1042c08e0>\n\n    @allure.description(\"Testing Back button in New participant request\")\n    @allure.severity(allure.severity_level.CRITICAL)\n    def test_Back_Button_in_New_Participant_Request(self):\n        self.loginpage = Loginpage(self.driver)\n        sleep(3)\n        self.driver.execute_script(\"window.localStorage.clear();\")\n        sleep(3)\n        self.driver.execute_script(\"window.location.reload(true);\")\n        sleep(2)\n        self.driver.maximize_window()\n        self.loginpage.do_click(Loginpage.LOGIN_AS_ADMIN_BUTTON)\n        self.loginpage.do_click(Loginpage.USERNAME_FIELD)\n        self.loginpage.do_sendkeys(Loginpage.USERNAME_FIELD, Testdata.USER_NAME)\n        self.loginpage.do_click(Loginpage.SEND_OTP_BUTTON)\n        sleep(2)\n        self.loginpage.do_click(Loginpage.ENTER_OTP)\n        self.loginpage.do_sendkeys(Loginpage.ENTER_OTP, Testdata.OTP)\n        self.loginpage.do_click(Loginpage.VERIFY_OTP_BUTTON)\n        sleep(2)\n        self.participant_page = Participant_page(self.driver)\n        self.driver.maximize_window()\n        self.participant_page.do_click(Participant_page.PARTICIPANTS_BUTTON)\n        sleep(2)\n        self.participant_page.do_click(Participant_page.NEW_PARTICIPANT_REQUEST)\n        sleep(2)\n        self.driver.execute_script(\"window.scrollBy(0,300);\")\n        sleep(2)\n>       self.participant_page.do_click(Participant_page.PARTICIPANT_REQUEST)\n\ntest_addparticipantpage.py:490: \n_ _ _ _ _ _ _ _ _ _ _ _ _ _ _ _ _ _ _ _ _ _ _ _ _ _ _ _ _ _ _ _ _ _ _ _ _ _ _ _ \n../Pageobjects/Basepage.py:26: in do_click\n    element = wait.until(EC.visibility_of_element_located(by_locator))\n_ _ _ _ _ _ _ _ _ _ _ _ _ _ _ _ _ _ _ _ _ _ _ _ _ _ _ _ _ _ _ _ _ _ _ _ _ _ _ _ \n\nself = <selenium.webdriver.support.wait.WebDriverWait (session=\"98824b9e27515843d7e90148b71b2671\")>\nmethod = <function visibility_of_element_located.<locals>._predicate at 0x104404700>\nmessage = ''\n\n    def until(self, method, message: str = \"\"):\n        \"\"\"Calls the method provided with the driver as an argument until the \\\n        return value does not evaluate to ``False``.\n    \n        :param method: callable(WebDriver)\n        :param message: optional message for :exc:`TimeoutException`\n        :returns: the result of the last call to `method`\n        :raises: :exc:`selenium.common.exceptions.TimeoutException` if timeout occurs\n        \"\"\"\n        screen = None\n        stacktrace = None\n    \n        end_time = time.monotonic() + self._timeout\n        while True:\n            try:\n                value = method(self._driver)\n                if value:\n                    return value\n            except self._ignored_exceptions as exc:\n                screen = getattr(exc, \"screen\", None)\n                stacktrace = getattr(exc, \"stacktrace\", None)\n            time.sleep(self._poll)\n            if time.monotonic() > end_time:\n                break\n>       raise TimeoutException(message, screen, stacktrace)\nE       selenium.common.exceptions.TimeoutException: Message: \nE       Stacktrace:\nE       0   chromedriver                        0x000000010485ea6c chromedriver + 4303468\nE       1   chromedriver                        0x0000000104857198 chromedriver + 4272536\nE       2   chromedriver                        0x000000010448b594 chromedriver + 292244\nE       3   chromedriver                        0x00000001044c88fc chromedriver + 542972\nE       4   chromedriver                        0x0000000104501628 chromedriver + 775720\nE       5   chromedriver                        0x00000001044bcb40 chromedriver + 494400\nE       6   chromedriver                        0x00000001044bd988 chromedriver + 498056\nE       7   chromedriver                        0x000000010481f924 chromedriver + 4045092\nE       8   chromedriver                        0x0000000104823e68 chromedriver + 4062824\nE       9   chromedriver                        0x000000010482a088 chromedriver + 4087944\nE       10  chromedriver                        0x000000010482496c chromedriver + 4065644\nE       11  chromedriver                        0x00000001047fce64 chromedriver + 3903076\nE       12  chromedriver                        0x000000010484055c chromedriver + 4179292\nE       13  chromedriver                        0x00000001048406b4 chromedriver + 4179636\nE       14  chromedriver                        0x0000000104850978 chromedriver + 4245880\nE       15  libsystem_pthread.dylib             0x00000001952f7fa8 _pthread_start + 148\nE       16  libsystem_pthread.dylib             0x00000001952f2da0 thread_start + 8\n\n../../../../IdeaProjects/Farmstack 2.0/venv/lib/python3.10/site-packages/selenium/webdriver/support/wait.py:95: TimeoutException","flaky":false,"newFailed":false,"newBroken":false,"newPassed":false,"retriesCount":0,"retriesStatusChange":false,"beforeStages":[{"name":"init_driver","time":{"start":1691998508803,"stop":1691998509579,"duration":776},"status":"passed","steps":[],"attachments":[],"parameters":[],"shouldDisplayMessage":false,"stepsCount":0,"attachmentsCount":0,"hasContent":false}],"afterStages":[{"name":"init_driver::0","time":{"start":1691999063526,"stop":1691999063781,"duration":255},"status":"passed","steps":[],"attachments":[],"parameters":[],"shouldDisplayMessage":false,"stepsCount":0,"attachmentsCount":0,"hasContent":false}],"labels":[{"name":"severity","value":"critical"},{"name":"tag","value":"@pytest.mark.usefixtures('init_driver')"},{"name":"suite","value":"test_addparticipantpage"},{"name":"subSuite","value":"Test_add_participant"},{"name":"host","value":"Shaiks-MacBook-Pro.local"},{"name":"thread","value":"67190-MainThread"},{"name":"framework","value":"pytest"},{"name":"language","value":"cpython3"},{"name":"package","value":"test_addparticipantpage"},{"name":"resultFormat","value":"allure2"}],"parameters":[{"name":"init_driver","value":"'chrome'"}],"links":[],"hidden":false,"retry":false,"extra":{"severity":"critical","retries":[],"categories":[{"name":"Test defects","matchedStatuses":[],"flaky":false}],"history":{"statistic":{"failed":0,"broken":2,"skipped":0,"passed":0,"unknown":0,"total":2},"items":[{"uid":"7ddd073b9bb02686","reportUrl":"http://Mohamed_Imran_Jenkins/job/PAGE_OBJECT_MODEL/8/allure/#testresult/7ddd073b9bb02686","status":"broken","statusDetails":"selenium.common.exceptions.TimeoutException: Message: \nStacktrace:\n0   chromedriver                        0x000000010485ea6c chromedriver + 4303468\n1   chromedriver                        0x0000000104857198 chromedriver + 4272536\n2   chromedriver                        0x000000010448b594 chromedriver + 292244\n3   chromedriver                        0x00000001044c88fc chromedriver + 542972\n4   chromedriver                        0x0000000104501628 chromedriver + 775720\n5   chromedriver                        0x00000001044bcb40 chromedriver + 494400\n6   chromedriver                        0x00000001044bd988 chromedriver + 498056\n7   chromedriver                        0x000000010481f924 chromedriver + 4045092\n8   chromedriver                        0x0000000104823e68 chromedriver + 4062824\n9   chromedriver                        0x000000010482a088 chromedriver + 4087944\n10  chromedriver                        0x000000010482496c chromedriver + 4065644\n11  chromedriver                        0x00000001047fce64 chromedriver + 3903076\n12  chromedriver                        0x000000010484055c chromedriver + 4179292\n13  chromedriver                        0x00000001048406b4 chromedriver + 4179636\n14  chromedriver                        0x0000000104850978 chromedriver + 4245880\n15  libsystem_pthread.dylib             0x00000001952f7fa8 _pthread_start + 148\n16  libsystem_pthread.dylib             0x00000001952f2da0 thread_start + 8","time":{"start":1691998773795,"stop":1691998806896,"duration":33101}}]},"tags":["@pytest.mark.usefixtures('init_driver')"]},"source":"8fb97501e2d36610.json","parameterValues":["'chrome'"]}