{"uid":"b29030a970ae4e79","name":"test_add_policy_2_settings_page[chrome]","fullName":"test_settingspage.Test_Settings_page#test_add_policy_2_settings_page","historyId":"b91addf6e5037dbe98bd02695996dcd0","time":{"start":1692000524588,"stop":1692000570039,"duration":45451},"description":"Testing Policy Settings Page","descriptionHtml":"<p>Testing Policy Settings Page</p>\n","status":"broken","statusMessage":"selenium.common.exceptions.TimeoutException: Message: \nStacktrace:\n0   chromedriver                        0x0000000104942a6c chromedriver + 4303468\n1   chromedriver                        0x000000010493b198 chromedriver + 4272536\n2   chromedriver                        0x000000010456f594 chromedriver + 292244\n3   chromedriver                        0x00000001045ac8fc chromedriver + 542972\n4   chromedriver                        0x00000001045e5628 chromedriver + 775720\n5   chromedriver                        0x00000001045a0b40 chromedriver + 494400\n6   chromedriver                        0x00000001045a1988 chromedriver + 498056\n7   chromedriver                        0x0000000104903924 chromedriver + 4045092\n8   chromedriver                        0x0000000104907e68 chromedriver + 4062824\n9   chromedriver                        0x000000010490e088 chromedriver + 4087944\n10  chromedriver                        0x000000010490896c chromedriver + 4065644\n11  chromedriver                        0x00000001048e0e64 chromedriver + 3903076\n12  chromedriver                        0x000000010492455c chromedriver + 4179292\n13  chromedriver                        0x00000001049246b4 chromedriver + 4179636\n14  chromedriver                        0x0000000104934978 chromedriver + 4245880\n15  libsystem_pthread.dylib             0x00000001952f7fa8 _pthread_start + 148\n16  libsystem_pthread.dylib             0x00000001952f2da0 thread_start + 8","statusTrace":"self = <Testcases.test_settingspage.Test_Settings_page object at 0x1042fbdf0>\n\n    @allure.description(\"Testing Policy Settings Page\")\n    @allure.severity(allure.severity_level.CRITICAL)\n    def test_add_policy_2_settings_page(self):\n        self.loginpage = Loginpage(self.driver)\n        sleep(3)\n        self.driver.execute_script(\"window.localStorage.clear();\")\n        sleep(3)\n        self.driver.execute_script(\"window.location.reload(true);\")\n        sleep(2)\n        self.driver.maximize_window()\n        self.loginpage.do_click(Loginpage.LOGIN_AS_ADMIN_BUTTON)\n        self.loginpage.do_click(Loginpage.USERNAME_FIELD)\n        self.loginpage.do_sendkeys(Loginpage.USERNAME_FIELD, Testdata.USER_NAME)\n        self.loginpage.do_click(Loginpage.SEND_OTP_BUTTON)\n        sleep(2)\n        self.loginpage.do_click(Loginpage.ENTER_OTP)\n        self.loginpage.do_sendkeys(Loginpage.ENTER_OTP, Testdata.OTP)\n        self.loginpage.do_click(Loginpage.VERIFY_OTP_BUTTON)\n        sleep(5)\n        self.settings_page = SettingsPage(self.driver)\n        self.settings_page.do_click(SettingsPage.SETTINGS_BUTTON)\n        self.settings_page.do_click(SettingsPage.POLICY_TAB)\n        self.settings_page.do_click(SettingsPage.ADD_NEW_POLICY)\n        self.settings_page.do_click(SettingsPage.POLICY_NAME_FIELD)\n        self.settings_page.do_sendkeys(SettingsPage.POLICY_NAME_FIELD, Testdata.POLICY_NAME)\n        self.driver.execute_script(\"window.scrollBy(0,300);\")\n        sleep(2)\n        self.settings_page.do_click(SettingsPage.POLICY_DESCRIPTION)\n        self.settings_page.do_sendkeys(SettingsPage.POLICY_DESCRIPTION, Testdata.POLICY_DESCRIPTION)\n        sleep(2)\n        self.driver.execute_script(\"window.scrollBy(0,300);\")\n        sleep(2)\n        self.settings_page.do_sendkeys_POLICIES()\n        sleep(2)\n        self.settings_page.do_click(SettingsPage.ADD_POLICY)\n        sleep(2)\n        self.driver.execute_script(\"window.scrollBy(0,-800);\")\n        sleep(2)\n        self.settings_page.do_click(SettingsPage.POLICY_NAME_FIELD)\n        self.settings_page.do_sendkeys(SettingsPage.POLICY_NAME_FIELD, Testdata.POLICY_NAME)\n        self.driver.execute_script(\"window.scrollBy(0,300);\")\n        sleep(2)\n>       self.settings_page.do_click(SettingsPage.POLICY_DESCRIPTION)\n\ntest_settingspage.py:459: \n_ _ _ _ _ _ _ _ _ _ _ _ _ _ _ _ _ _ _ _ _ _ _ _ _ _ _ _ _ _ _ _ _ _ _ _ _ _ _ _ \n../Pageobjects/Basepage.py:26: in do_click\n    element = wait.until(EC.visibility_of_element_located(by_locator))\n_ _ _ _ _ _ _ _ _ _ _ _ _ _ _ _ _ _ _ _ _ _ _ _ _ _ _ _ _ _ _ _ _ _ _ _ _ _ _ _ \n\nself = <selenium.webdriver.support.wait.WebDriverWait (session=\"3d1593a450a4d6c9456820f33c7ee9c8\")>\nmethod = <function visibility_of_element_located.<locals>._predicate at 0x104602320>\nmessage = ''\n\n    def until(self, method, message: str = \"\"):\n        \"\"\"Calls the method provided with the driver as an argument until the \\\n        return value does not evaluate to ``False``.\n    \n        :param method: callable(WebDriver)\n        :param message: optional message for :exc:`TimeoutException`\n        :returns: the result of the last call to `method`\n        :raises: :exc:`selenium.common.exceptions.TimeoutException` if timeout occurs\n        \"\"\"\n        screen = None\n        stacktrace = None\n    \n        end_time = time.monotonic() + self._timeout\n        while True:\n            try:\n                value = method(self._driver)\n                if value:\n                    return value\n            except self._ignored_exceptions as exc:\n                screen = getattr(exc, \"screen\", None)\n                stacktrace = getattr(exc, \"stacktrace\", None)\n            time.sleep(self._poll)\n            if time.monotonic() > end_time:\n                break\n>       raise TimeoutException(message, screen, stacktrace)\nE       selenium.common.exceptions.TimeoutException: Message: \nE       Stacktrace:\nE       0   chromedriver                        0x0000000104942a6c chromedriver + 4303468\nE       1   chromedriver                        0x000000010493b198 chromedriver + 4272536\nE       2   chromedriver                        0x000000010456f594 chromedriver + 292244\nE       3   chromedriver                        0x00000001045ac8fc chromedriver + 542972\nE       4   chromedriver                        0x00000001045e5628 chromedriver + 775720\nE       5   chromedriver                        0x00000001045a0b40 chromedriver + 494400\nE       6   chromedriver                        0x00000001045a1988 chromedriver + 498056\nE       7   chromedriver                        0x0000000104903924 chromedriver + 4045092\nE       8   chromedriver                        0x0000000104907e68 chromedriver + 4062824\nE       9   chromedriver                        0x000000010490e088 chromedriver + 4087944\nE       10  chromedriver                        0x000000010490896c chromedriver + 4065644\nE       11  chromedriver                        0x00000001048e0e64 chromedriver + 3903076\nE       12  chromedriver                        0x000000010492455c chromedriver + 4179292\nE       13  chromedriver                        0x00000001049246b4 chromedriver + 4179636\nE       14  chromedriver                        0x0000000104934978 chromedriver + 4245880\nE       15  libsystem_pthread.dylib             0x00000001952f7fa8 _pthread_start + 148\nE       16  libsystem_pthread.dylib             0x00000001952f2da0 thread_start + 8\n\n../../../../IdeaProjects/Farmstack 2.0/venv/lib/python3.10/site-packages/selenium/webdriver/support/wait.py:95: TimeoutException","flaky":false,"newFailed":false,"newBroken":false,"newPassed":false,"retriesCount":0,"retriesStatusChange":false,"beforeStages":[{"name":"init_driver","time":{"start":1692000367553,"stop":1692000368458,"duration":905},"status":"passed","steps":[],"attachments":[],"parameters":[],"shouldDisplayMessage":false,"stepsCount":0,"attachmentsCount":0,"hasContent":false}],"afterStages":[{"name":"init_driver::0","time":{"start":1692001076081,"stop":1692001076244,"duration":163},"status":"passed","steps":[],"attachments":[],"parameters":[],"shouldDisplayMessage":false,"stepsCount":0,"attachmentsCount":0,"hasContent":false}],"labels":[{"name":"severity","value":"critical"},{"name":"tag","value":"@pytest.mark.usefixtures('init_driver')"},{"name":"suite","value":"test_settingspage"},{"name":"subSuite","value":"Test_Settings_page"},{"name":"host","value":"Shaiks-MacBook-Pro.local"},{"name":"thread","value":"67190-MainThread"},{"name":"framework","value":"pytest"},{"name":"language","value":"cpython3"},{"name":"package","value":"test_settingspage"},{"name":"resultFormat","value":"allure2"}],"parameters":[{"name":"init_driver","value":"'chrome'"}],"links":[],"hidden":false,"retry":false,"extra":{"severity":"critical","retries":[],"categories":[{"name":"Test defects","matchedStatuses":[],"flaky":false}],"history":{"statistic":{"failed":0,"broken":2,"skipped":0,"passed":0,"unknown":0,"total":2},"items":[{"uid":"748399a19632153","reportUrl":"http://Mohamed_Imran_Jenkins/job/PAGE_OBJECT_MODEL/8/allure/#testresult/748399a19632153","status":"broken","statusDetails":"selenium.common.exceptions.TimeoutException: Message: \nStacktrace:\n0   chromedriver                        0x0000000104942a6c chromedriver + 4303468\n1   chromedriver                        0x000000010493b198 chromedriver + 4272536\n2   chromedriver                        0x000000010456f594 chromedriver + 292244\n3   chromedriver                        0x00000001045ac8fc chromedriver + 542972\n4   chromedriver                        0x00000001045e5628 chromedriver + 775720\n5   chromedriver                        0x00000001045a0b40 chromedriver + 494400\n6   chromedriver                        0x00000001045a1988 chromedriver + 498056\n7   chromedriver                        0x0000000104903924 chromedriver + 4045092\n8   chromedriver                        0x0000000104907e68 chromedriver + 4062824\n9   chromedriver                        0x000000010490e088 chromedriver + 4087944\n10  chromedriver                        0x000000010490896c chromedriver + 4065644\n11  chromedriver                        0x00000001048e0e64 chromedriver + 3903076\n12  chromedriver                        0x000000010492455c chromedriver + 4179292\n13  chromedriver                        0x00000001049246b4 chromedriver + 4179636\n14  chromedriver                        0x0000000104934978 chromedriver + 4245880\n15  libsystem_pthread.dylib             0x00000001952f7fa8 _pthread_start + 148\n16  libsystem_pthread.dylib             0x00000001952f2da0 thread_start + 8","time":{"start":1692000524588,"stop":1692000570039,"duration":45451}}]},"tags":["@pytest.mark.usefixtures('init_driver')"]},"source":"b29030a970ae4e79.json","parameterValues":["'chrome'"]}